C:\USERS\HEALTH\DOCUMENTS\VISUAL STUDIO 2012\PROJECTS\CHAT\CHAT\DEBUG\CHAT.PCH
C:\USERS\HEALTH\DOCUMENTS\VISUAL STUDIO 2012\PROJECTS\CHAT\CHAT\DEBUG\STDAFX.OBJ
C:\USERS\HEALTH\DOCUMENTS\VISUAL STUDIO 2012\PROJECTS\CHAT\CHAT\DEBUG\VC110.PDB
C:\USERS\HEALTH\DOCUMENTS\VISUAL STUDIO 2012\PROJECTS\CHAT\CHAT\DEBUG\CHAT.OBJ
C:\USERS\HEALTH\DOCUMENTS\VISUAL STUDIO 2012\PROJECTS\CHAT\CHAT\DEBUG\LOGINDLG.OBJ
C:\USERS\HEALTH\DOCUMENTS\VISUAL STUDIO 2012\PROJECTS\CHAT\CHAT\DEBUG\RDBUF.OBJ
C:\USERS\HEALTH\DOCUMENTS\VISUAL STUDIO 2012\PROJECTS\CHAT\CHAT\DEBUG\USERINFO.OBJ
C:\USERS\HEALTH\DOCUMENTS\VISUAL STUDIO 2012\PROJECTS\CHAT\CHAT\DEBUG\CHATDLG.OBJ
C:\USERS\HEALTH\DOCUMENTS\VISUAL STUDIO 2012\PROJECTS\CHAT\DEBUG\CHAT.ILK
C:\USERS\HEALTH\DOCUMENTS\VISUAL STUDIO 2012\PROJECTS\CHAT\DEBUG\CHAT.EXE
C:\USERS\HEALTH\DOCUMENTS\VISUAL STUDIO 2012\PROJECTS\CHAT\DEBUG\CHAT.PDB
C:\USERS\HEALTH\DOCUMENTS\VISUAL STUDIO 2012\PROJECTS\CHAT\CHAT\DEBUG\CHAT.RES
C:\Users\Health\Documents\Visual Studio 2012\Projects\chat\chat\Debug\chat.obj
C:\Users\Health\Documents\Visual Studio 2012\Projects\chat\chat\Debug\chatDlg.obj
C:\Users\Health\Documents\Visual Studio 2012\Projects\chat\chat\Debug\LoginDlg.obj
C:\Users\Health\Documents\Visual Studio 2012\Projects\chat\chat\Debug\RDBuf.obj
C:\Users\Health\Documents\Visual Studio 2012\Projects\chat\chat\Debug\stdafx.obj
C:\Users\Health\Documents\Visual Studio 2012\Projects\chat\chat\Debug\UserInfo.obj
C:\Users\Health\Documents\Visual Studio 2012\Projects\chat\chat\Debug\cl.command.1.tlog
C:\Users\Health\Documents\Visual Studio 2012\Projects\chat\chat\Debug\CL.read.1.tlog
C:\Users\Health\Documents\Visual Studio 2012\Projects\chat\chat\Debug\CL.write.1.tlog
C:\Users\Health\Documents\Visual Studio 2012\Projects\chat\chat\Debug\link-cvtres.read.1.tlog
C:\Users\Health\Documents\Visual Studio 2012\Projects\chat\chat\Debug\link-cvtres.write.1.tlog
C:\Users\Health\Documents\Visual Studio 2012\Projects\chat\chat\Debug\link-mt.read.1.tlog
C:\Users\Health\Documents\Visual Studio 2012\Projects\chat\chat\Debug\link-mt.write.1.tlog
C:\Users\Health\Documents\Visual Studio 2012\Projects\chat\chat\Debug\link-rc.read.1.tlog
C:\Users\Health\Documents\Visual Studio 2012\Projects\chat\chat\Debug\link-rc.write.1.tlog
C:\Users\Health\Documents\Visual Studio 2012\Projects\chat\chat\Debug\link.1648-cvtres.read.1.tlog
C:\Users\Health\Documents\Visual Studio 2012\Projects\chat\chat\Debug\link.1648-cvtres.write.1.tlog
C:\Users\Health\Documents\Visual Studio 2012\Projects\chat\chat\Debug\link.1648-mt.read.1.tlog
C:\Users\Health\Documents\Visual Studio 2012\Projects\chat\chat\Debug\link.1648-mt.write.1.tlog
C:\Users\Health\Documents\Visual Studio 2012\Projects\chat\chat\Debug\link.1648-rc.read.1.tlog
C:\Users\Health\Documents\Visual Studio 2012\Projects\chat\chat\Debug\link.1648-rc.write.1.tlog
C:\Users\Health\Documents\Visual Studio 2012\Projects\chat\chat\Debug\link.1648.read.1.tlog
C:\Users\Health\Documents\Visual Studio 2012\Projects\chat\chat\Debug\link.1648.write.1.tlog
C:\Users\Health\Documents\Visual Studio 2012\Projects\chat\chat\Debug\link.2068-cvtres.read.1.tlog
C:\Users\Health\Documents\Visual Studio 2012\Projects\chat\chat\Debug\link.2068-cvtres.write.1.tlog
C:\Users\Health\Documents\Visual Studio 2012\Projects\chat\chat\Debug\link.2068-mt.read.1.tlog
C:\Users\Health\Documents\Visual Studio 2012\Projects\chat\chat\Debug\link.2068-mt.write.1.tlog
C:\Users\Health\Documents\Visual Studio 2012\Projects\chat\chat\Debug\link.2068-rc.read.1.tlog
C:\Users\Health\Documents\Visual Studio 2012\Projects\chat\chat\Debug\link.2068-rc.write.1.tlog
C:\Users\Health\Documents\Visual Studio 2012\Projects\chat\chat\Debug\link.2068.read.1.tlog
C:\Users\Health\Documents\Visual Studio 2012\Projects\chat\chat\Debug\link.2068.write.1.tlog
C:\Users\Health\Documents\Visual Studio 2012\Projects\chat\chat\Debug\link.2408-cvtres.read.1.tlog
C:\Users\Health\Documents\Visual Studio 2012\Projects\chat\chat\Debug\link.2408-cvtres.write.1.tlog
C:\Users\Health\Documents\Visual Studio 2012\Projects\chat\chat\Debug\link.2408-mt.read.1.tlog
C:\Users\Health\Documents\Visual Studio 2012\Projects\chat\chat\Debug\link.2408-mt.write.1.tlog
C:\Users\Health\Documents\Visual Studio 2012\Projects\chat\chat\Debug\link.2408-rc.read.1.tlog
C:\Users\Health\Documents\Visual Studio 2012\Projects\chat\chat\Debug\link.2408-rc.write.1.tlog
C:\Users\Health\Documents\Visual Studio 2012\Projects\chat\chat\Debug\link.2408.read.1.tlog
C:\Users\Health\Documents\Visual Studio 2012\Projects\chat\chat\Debug\link.2408.write.1.tlog
C:\Users\Health\Documents\Visual Studio 2012\Projects\chat\chat\Debug\link.4580-cvtres.read.1.tlog
C:\Users\Health\Documents\Visual Studio 2012\Projects\chat\chat\Debug\link.4580-cvtres.write.1.tlog
C:\Users\Health\Documents\Visual Studio 2012\Projects\chat\chat\Debug\link.4580-mt.read.1.tlog
C:\Users\Health\Documents\Visual Studio 2012\Projects\chat\chat\Debug\link.4580-mt.write.1.tlog
C:\Users\Health\Documents\Visual Studio 2012\Projects\chat\chat\Debug\link.4580-rc.read.1.tlog
C:\Users\Health\Documents\Visual Studio 2012\Projects\chat\chat\Debug\link.4580-rc.write.1.tlog
C:\Users\Health\Documents\Visual Studio 2012\Projects\chat\chat\Debug\link.4580.read.1.tlog
C:\Users\Health\Documents\Visual Studio 2012\Projects\chat\chat\Debug\link.4580.write.1.tlog
C:\Users\Health\Documents\Visual Studio 2012\Projects\chat\chat\Debug\link.5520-cvtres.read.1.tlog
C:\Users\Health\Documents\Visual Studio 2012\Projects\chat\chat\Debug\link.5520-cvtres.write.1.tlog
C:\Users\Health\Documents\Visual Studio 2012\Projects\chat\chat\Debug\link.5520-mt.read.1.tlog
C:\Users\Health\Documents\Visual Studio 2012\Projects\chat\chat\Debug\link.5520-mt.write.1.tlog
C:\Users\Health\Documents\Visual Studio 2012\Projects\chat\chat\Debug\link.5520-rc.read.1.tlog
C:\Users\Health\Documents\Visual Studio 2012\Projects\chat\chat\Debug\link.5520-rc.write.1.tlog
C:\Users\Health\Documents\Visual Studio 2012\Projects\chat\chat\Debug\link.5520.read.1.tlog
C:\Users\Health\Documents\Visual Studio 2012\Projects\chat\chat\Debug\link.5520.write.1.tlog
C:\Users\Health\Documents\Visual Studio 2012\Projects\chat\chat\Debug\link.5804-cvtres.read.1.tlog
C:\Users\Health\Documents\Visual Studio 2012\Projects\chat\chat\Debug\link.5804-cvtres.write.1.tlog
C:\Users\Health\Documents\Visual Studio 2012\Projects\chat\chat\Debug\link.5804-mt.read.1.tlog
C:\Users\Health\Documents\Visual Studio 2012\Projects\chat\chat\Debug\link.5804-mt.write.1.tlog
C:\Users\Health\Documents\Visual Studio 2012\Projects\chat\chat\Debug\link.5804-rc.read.1.tlog
C:\Users\Health\Documents\Visual Studio 2012\Projects\chat\chat\Debug\link.5804-rc.write.1.tlog
C:\Users\Health\Documents\Visual Studio 2012\Projects\chat\chat\Debug\link.5804.read.1.tlog
C:\Users\Health\Documents\Visual Studio 2012\Projects\chat\chat\Debug\link.5804.write.1.tlog
C:\Users\Health\Documents\Visual Studio 2012\Projects\chat\chat\Debug\link.5872-cvtres.read.1.tlog
C:\Users\Health\Documents\Visual Studio 2012\Projects\chat\chat\Debug\link.5872-cvtres.write.1.tlog
C:\Users\Health\Documents\Visual Studio 2012\Projects\chat\chat\Debug\link.5872-mt.read.1.tlog
C:\Users\Health\Documents\Visual Studio 2012\Projects\chat\chat\Debug\link.5872-mt.write.1.tlog
C:\Users\Health\Documents\Visual Studio 2012\Projects\chat\chat\Debug\link.5872-rc.read.1.tlog
C:\Users\Health\Documents\Visual Studio 2012\Projects\chat\chat\Debug\link.5872-rc.write.1.tlog
C:\Users\Health\Documents\Visual Studio 2012\Projects\chat\chat\Debug\link.5872.read.1.tlog
C:\Users\Health\Documents\Visual Studio 2012\Projects\chat\chat\Debug\link.5872.write.1.tlog
C:\Users\Health\Documents\Visual Studio 2012\Projects\chat\chat\Debug\link.6068-cvtres.read.1.tlog
C:\Users\Health\Documents\Visual Studio 2012\Projects\chat\chat\Debug\link.6068-cvtres.write.1.tlog
C:\Users\Health\Documents\Visual Studio 2012\Projects\chat\chat\Debug\link.6068-mt.read.1.tlog
C:\Users\Health\Documents\Visual Studio 2012\Projects\chat\chat\Debug\link.6068-mt.write.1.tlog
C:\Users\Health\Documents\Visual Studio 2012\Projects\chat\chat\Debug\link.6068-rc.read.1.tlog
C:\Users\Health\Documents\Visual Studio 2012\Projects\chat\chat\Debug\link.6068-rc.write.1.tlog
C:\Users\Health\Documents\Visual Studio 2012\Projects\chat\chat\Debug\link.6068.read.1.tlog
C:\Users\Health\Documents\Visual Studio 2012\Projects\chat\chat\Debug\link.6068.write.1.tlog
C:\Users\Health\Documents\Visual Studio 2012\Projects\chat\chat\Debug\link.6208-cvtres.read.1.tlog
C:\Users\Health\Documents\Visual Studio 2012\Projects\chat\chat\Debug\link.6208-cvtres.write.1.tlog
C:\Users\Health\Documents\Visual Studio 2012\Projects\chat\chat\Debug\link.6208-mt.read.1.tlog
C:\Users\Health\Documents\Visual Studio 2012\Projects\chat\chat\Debug\link.6208-mt.write.1.tlog
C:\Users\Health\Documents\Visual Studio 2012\Projects\chat\chat\Debug\link.6208-rc.read.1.tlog
C:\Users\Health\Documents\Visual Studio 2012\Projects\chat\chat\Debug\link.6208-rc.write.1.tlog
C:\Users\Health\Documents\Visual Studio 2012\Projects\chat\chat\Debug\link.6208.read.1.tlog
C:\Users\Health\Documents\Visual Studio 2012\Projects\chat\chat\Debug\link.6208.write.1.tlog
C:\Users\Health\Documents\Visual Studio 2012\Projects\chat\chat\Debug\link.6320-cvtres.read.1.tlog
C:\Users\Health\Documents\Visual Studio 2012\Projects\chat\chat\Debug\link.6320-cvtres.write.1.tlog
C:\Users\Health\Documents\Visual Studio 2012\Projects\chat\chat\Debug\link.6320-mt.read.1.tlog
C:\Users\Health\Documents\Visual Studio 2012\Projects\chat\chat\Debug\link.6320-mt.write.1.tlog
C:\Users\Health\Documents\Visual Studio 2012\Projects\chat\chat\Debug\link.6320-rc.read.1.tlog
C:\Users\Health\Documents\Visual Studio 2012\Projects\chat\chat\Debug\link.6320-rc.write.1.tlog
C:\Users\Health\Documents\Visual Studio 2012\Projects\chat\chat\Debug\link.6320.read.1.tlog
C:\Users\Health\Documents\Visual Studio 2012\Projects\chat\chat\Debug\link.6320.write.1.tlog
C:\Users\Health\Documents\Visual Studio 2012\Projects\chat\chat\Debug\link.6720-cvtres.read.1.tlog
C:\Users\Health\Documents\Visual Studio 2012\Projects\chat\chat\Debug\link.6720-cvtres.write.1.tlog
C:\Users\Health\Documents\Visual Studio 2012\Projects\chat\chat\Debug\link.6720-mt.read.1.tlog
C:\Users\Health\Documents\Visual Studio 2012\Projects\chat\chat\Debug\link.6720-mt.write.1.tlog
C:\Users\Health\Documents\Visual Studio 2012\Projects\chat\chat\Debug\link.6720-rc.read.1.tlog
C:\Users\Health\Documents\Visual Studio 2012\Projects\chat\chat\Debug\link.6720-rc.write.1.tlog
C:\Users\Health\Documents\Visual Studio 2012\Projects\chat\chat\Debug\link.6720.read.1.tlog
C:\Users\Health\Documents\Visual Studio 2012\Projects\chat\chat\Debug\link.6720.write.1.tlog
C:\Users\Health\Documents\Visual Studio 2012\Projects\chat\chat\Debug\link.6764-cvtres.read.1.tlog
C:\Users\Health\Documents\Visual Studio 2012\Projects\chat\chat\Debug\link.6764-cvtres.write.1.tlog
C:\Users\Health\Documents\Visual Studio 2012\Projects\chat\chat\Debug\link.6764-mt.read.1.tlog
C:\Users\Health\Documents\Visual Studio 2012\Projects\chat\chat\Debug\link.6764-mt.write.1.tlog
C:\Users\Health\Documents\Visual Studio 2012\Projects\chat\chat\Debug\link.6764-rc.read.1.tlog
C:\Users\Health\Documents\Visual Studio 2012\Projects\chat\chat\Debug\link.6764-rc.write.1.tlog
C:\Users\Health\Documents\Visual Studio 2012\Projects\chat\chat\Debug\link.6764.read.1.tlog
C:\Users\Health\Documents\Visual Studio 2012\Projects\chat\chat\Debug\link.6764.write.1.tlog
C:\Users\Health\Documents\Visual Studio 2012\Projects\chat\chat\Debug\link.7056-cvtres.read.1.tlog
C:\Users\Health\Documents\Visual Studio 2012\Projects\chat\chat\Debug\link.7056-cvtres.write.1.tlog
C:\Users\Health\Documents\Visual Studio 2012\Projects\chat\chat\Debug\link.7056-mt.read.1.tlog
C:\Users\Health\Documents\Visual Studio 2012\Projects\chat\chat\Debug\link.7056-mt.write.1.tlog
C:\Users\Health\Documents\Visual Studio 2012\Projects\chat\chat\Debug\link.7056-rc.read.1.tlog
C:\Users\Health\Documents\Visual Studio 2012\Projects\chat\chat\Debug\link.7056-rc.write.1.tlog
C:\Users\Health\Documents\Visual Studio 2012\Projects\chat\chat\Debug\link.7056.read.1.tlog
C:\Users\Health\Documents\Visual Studio 2012\Projects\chat\chat\Debug\link.7056.write.1.tlog
C:\Users\Health\Documents\Visual Studio 2012\Projects\chat\chat\Debug\link.7296-cvtres.read.1.tlog
C:\Users\Health\Documents\Visual Studio 2012\Projects\chat\chat\Debug\link.7296-cvtres.write.1.tlog
C:\Users\Health\Documents\Visual Studio 2012\Projects\chat\chat\Debug\link.7296-mt.read.1.tlog
C:\Users\Health\Documents\Visual Studio 2012\Projects\chat\chat\Debug\link.7296-mt.write.1.tlog
C:\Users\Health\Documents\Visual Studio 2012\Projects\chat\chat\Debug\link.7296-rc.read.1.tlog
C:\Users\Health\Documents\Visual Studio 2012\Projects\chat\chat\Debug\link.7296-rc.write.1.tlog
C:\Users\Health\Documents\Visual Studio 2012\Projects\chat\chat\Debug\link.7296.read.1.tlog
C:\Users\Health\Documents\Visual Studio 2012\Projects\chat\chat\Debug\link.7296.write.1.tlog
C:\Users\Health\Documents\Visual Studio 2012\Projects\chat\chat\Debug\link.7328-cvtres.read.1.tlog
C:\Users\Health\Documents\Visual Studio 2012\Projects\chat\chat\Debug\link.7328-cvtres.write.1.tlog
C:\Users\Health\Documents\Visual Studio 2012\Projects\chat\chat\Debug\link.7328-mt.read.1.tlog
C:\Users\Health\Documents\Visual Studio 2012\Projects\chat\chat\Debug\link.7328-mt.write.1.tlog
C:\Users\Health\Documents\Visual Studio 2012\Projects\chat\chat\Debug\link.7328-rc.read.1.tlog
C:\Users\Health\Documents\Visual Studio 2012\Projects\chat\chat\Debug\link.7328-rc.write.1.tlog
C:\Users\Health\Documents\Visual Studio 2012\Projects\chat\chat\Debug\link.7328.read.1.tlog
C:\Users\Health\Documents\Visual Studio 2012\Projects\chat\chat\Debug\link.7328.write.1.tlog
C:\Users\Health\Documents\Visual Studio 2012\Projects\chat\chat\Debug\link.752-cvtres.read.1.tlog
C:\Users\Health\Documents\Visual Studio 2012\Projects\chat\chat\Debug\link.752-cvtres.write.1.tlog
C:\Users\Health\Documents\Visual Studio 2012\Projects\chat\chat\Debug\link.752-mt.read.1.tlog
C:\Users\Health\Documents\Visual Studio 2012\Projects\chat\chat\Debug\link.752-mt.write.1.tlog
C:\Users\Health\Documents\Visual Studio 2012\Projects\chat\chat\Debug\link.752-rc.read.1.tlog
C:\Users\Health\Documents\Visual Studio 2012\Projects\chat\chat\Debug\link.752-rc.write.1.tlog
C:\Users\Health\Documents\Visual Studio 2012\Projects\chat\chat\Debug\link.752.read.1.tlog
C:\Users\Health\Documents\Visual Studio 2012\Projects\chat\chat\Debug\link.752.write.1.tlog
C:\Users\Health\Documents\Visual Studio 2012\Projects\chat\chat\Debug\link.7520-cvtres.read.1.tlog
C:\Users\Health\Documents\Visual Studio 2012\Projects\chat\chat\Debug\link.7520-cvtres.write.1.tlog
C:\Users\Health\Documents\Visual Studio 2012\Projects\chat\chat\Debug\link.7520-mt.read.1.tlog
C:\Users\Health\Documents\Visual Studio 2012\Projects\chat\chat\Debug\link.7520-mt.write.1.tlog
C:\Users\Health\Documents\Visual Studio 2012\Projects\chat\chat\Debug\link.7520-rc.read.1.tlog
C:\Users\Health\Documents\Visual Studio 2012\Projects\chat\chat\Debug\link.7520-rc.write.1.tlog
C:\Users\Health\Documents\Visual Studio 2012\Projects\chat\chat\Debug\link.7520.read.1.tlog
C:\Users\Health\Documents\Visual Studio 2012\Projects\chat\chat\Debug\link.7520.write.1.tlog
C:\Users\Health\Documents\Visual Studio 2012\Projects\chat\chat\Debug\link.7696-cvtres.read.1.tlog
C:\Users\Health\Documents\Visual Studio 2012\Projects\chat\chat\Debug\link.7696-cvtres.write.1.tlog
C:\Users\Health\Documents\Visual Studio 2012\Projects\chat\chat\Debug\link.7696-mt.read.1.tlog
C:\Users\Health\Documents\Visual Studio 2012\Projects\chat\chat\Debug\link.7696-mt.write.1.tlog
C:\Users\Health\Documents\Visual Studio 2012\Projects\chat\chat\Debug\link.7696-rc.read.1.tlog
C:\Users\Health\Documents\Visual Studio 2012\Projects\chat\chat\Debug\link.7696-rc.write.1.tlog
C:\Users\Health\Documents\Visual Studio 2012\Projects\chat\chat\Debug\link.7696.read.1.tlog
C:\Users\Health\Documents\Visual Studio 2012\Projects\chat\chat\Debug\link.7696.write.1.tlog
C:\Users\Health\Documents\Visual Studio 2012\Projects\chat\chat\Debug\link.7940-cvtres.read.1.tlog
C:\Users\Health\Documents\Visual Studio 2012\Projects\chat\chat\Debug\link.7940-cvtres.write.1.tlog
C:\Users\Health\Documents\Visual Studio 2012\Projects\chat\chat\Debug\link.7940-mt.read.1.tlog
C:\Users\Health\Documents\Visual Studio 2012\Projects\chat\chat\Debug\link.7940-mt.write.1.tlog
C:\Users\Health\Documents\Visual Studio 2012\Projects\chat\chat\Debug\link.7940-rc.read.1.tlog
C:\Users\Health\Documents\Visual Studio 2012\Projects\chat\chat\Debug\link.7940-rc.write.1.tlog
C:\Users\Health\Documents\Visual Studio 2012\Projects\chat\chat\Debug\link.7940.read.1.tlog
C:\Users\Health\Documents\Visual Studio 2012\Projects\chat\chat\Debug\link.7940.write.1.tlog
C:\Users\Health\Documents\Visual Studio 2012\Projects\chat\chat\Debug\link.7964-cvtres.read.1.tlog
C:\Users\Health\Documents\Visual Studio 2012\Projects\chat\chat\Debug\link.7964-cvtres.write.1.tlog
C:\Users\Health\Documents\Visual Studio 2012\Projects\chat\chat\Debug\link.7964-mt.read.1.tlog
C:\Users\Health\Documents\Visual Studio 2012\Projects\chat\chat\Debug\link.7964-mt.write.1.tlog
C:\Users\Health\Documents\Visual Studio 2012\Projects\chat\chat\Debug\link.7964-rc.read.1.tlog
C:\Users\Health\Documents\Visual Studio 2012\Projects\chat\chat\Debug\link.7964-rc.write.1.tlog
C:\Users\Health\Documents\Visual Studio 2012\Projects\chat\chat\Debug\link.7964.read.1.tlog
C:\Users\Health\Documents\Visual Studio 2012\Projects\chat\chat\Debug\link.7964.write.1.tlog
C:\Users\Health\Documents\Visual Studio 2012\Projects\chat\chat\Debug\link.8092-cvtres.read.1.tlog
C:\Users\Health\Documents\Visual Studio 2012\Projects\chat\chat\Debug\link.8092-cvtres.write.1.tlog
C:\Users\Health\Documents\Visual Studio 2012\Projects\chat\chat\Debug\link.8092-mt.read.1.tlog
C:\Users\Health\Documents\Visual Studio 2012\Projects\chat\chat\Debug\link.8092-mt.write.1.tlog
C:\Users\Health\Documents\Visual Studio 2012\Projects\chat\chat\Debug\link.8092-rc.read.1.tlog
C:\Users\Health\Documents\Visual Studio 2012\Projects\chat\chat\Debug\link.8092-rc.write.1.tlog
C:\Users\Health\Documents\Visual Studio 2012\Projects\chat\chat\Debug\link.8092.read.1.tlog
C:\Users\Health\Documents\Visual Studio 2012\Projects\chat\chat\Debug\link.8092.write.1.tlog
C:\Users\Health\Documents\Visual Studio 2012\Projects\chat\chat\Debug\link.8168-cvtres.read.1.tlog
C:\Users\Health\Documents\Visual Studio 2012\Projects\chat\chat\Debug\link.8168-cvtres.write.1.tlog
C:\Users\Health\Documents\Visual Studio 2012\Projects\chat\chat\Debug\link.8168-mt.read.1.tlog
C:\Users\Health\Documents\Visual Studio 2012\Projects\chat\chat\Debug\link.8168-mt.write.1.tlog
C:\Users\Health\Documents\Visual Studio 2012\Projects\chat\chat\Debug\link.8168-rc.read.1.tlog
C:\Users\Health\Documents\Visual Studio 2012\Projects\chat\chat\Debug\link.8168-rc.write.1.tlog
C:\Users\Health\Documents\Visual Studio 2012\Projects\chat\chat\Debug\link.8168.read.1.tlog
C:\Users\Health\Documents\Visual Studio 2012\Projects\chat\chat\Debug\link.8168.write.1.tlog
C:\Users\Health\Documents\Visual Studio 2012\Projects\chat\chat\Debug\link.8928-cvtres.read.1.tlog
C:\Users\Health\Documents\Visual Studio 2012\Projects\chat\chat\Debug\link.8928-cvtres.write.1.tlog
C:\Users\Health\Documents\Visual Studio 2012\Projects\chat\chat\Debug\link.8928-mt.read.1.tlog
C:\Users\Health\Documents\Visual Studio 2012\Projects\chat\chat\Debug\link.8928-mt.write.1.tlog
C:\Users\Health\Documents\Visual Studio 2012\Projects\chat\chat\Debug\link.8928-rc.read.1.tlog
C:\Users\Health\Documents\Visual Studio 2012\Projects\chat\chat\Debug\link.8928-rc.write.1.tlog
C:\Users\Health\Documents\Visual Studio 2012\Projects\chat\chat\Debug\link.8928.read.1.tlog
C:\Users\Health\Documents\Visual Studio 2012\Projects\chat\chat\Debug\link.8928.write.1.tlog
C:\Users\Health\Documents\Visual Studio 2012\Projects\chat\chat\Debug\link.9124-cvtres.read.1.tlog
C:\Users\Health\Documents\Visual Studio 2012\Projects\chat\chat\Debug\link.9124-cvtres.write.1.tlog
C:\Users\Health\Documents\Visual Studio 2012\Projects\chat\chat\Debug\link.9124-mt.read.1.tlog
C:\Users\Health\Documents\Visual Studio 2012\Projects\chat\chat\Debug\link.9124-mt.write.1.tlog
C:\Users\Health\Documents\Visual Studio 2012\Projects\chat\chat\Debug\link.9124-rc.read.1.tlog
C:\Users\Health\Documents\Visual Studio 2012\Projects\chat\chat\Debug\link.9124-rc.write.1.tlog
C:\Users\Health\Documents\Visual Studio 2012\Projects\chat\chat\Debug\link.9124.read.1.tlog
C:\Users\Health\Documents\Visual Studio 2012\Projects\chat\chat\Debug\link.9124.write.1.tlog
C:\Users\Health\Documents\Visual Studio 2012\Projects\chat\chat\Debug\link.command.1.tlog
C:\Users\Health\Documents\Visual Studio 2012\Projects\chat\chat\Debug\link.read.1.tlog
C:\Users\Health\Documents\Visual Studio 2012\Projects\chat\chat\Debug\link.write.1.tlog
C:\Users\Health\Documents\Visual Studio 2012\Projects\chat\chat\Debug\rc.command.1.tlog
C:\Users\Health\Documents\Visual Studio 2012\Projects\chat\chat\Debug\rc.read.1.tlog
C:\Users\Health\Documents\Visual Studio 2012\Projects\chat\chat\Debug\rc.write.1.tlog
C:\Users\Health\Documents\Visual Studio 2012\Projects\chat\chat\Debug\chat.res
C:\Users\Health\Documents\Visual Studio 2012\Projects\chat\chat\Debug\chat.pch
C:\Users\Health\Documents\Visual Studio 2012\Projects\chat\chat\Debug\vc110.idb
C:\Users\Health\Documents\Visual Studio 2012\Projects\chat\chat\Debug\vc110.pdb
C:\Users\Health\Documents\Visual Studio 2012\Projects\chat\Debug\chat.pdb
C:\Users\Health\Documents\Visual Studio 2012\Projects\chat\Debug\chat.exe
C:\Users\Health\Documents\Visual Studio 2012\Projects\chat\Debug\chat.ilk
